<?xml version="1.0" encoding="UTF-8"?>
<testng-results ignored="0" total="1" passed="1" failed="0" skipped="0">
  <reporter-output>
  </reporter-output>
  <suite started-at="2019-07-06T11:04:04Z" name="Default suite" finished-at="2019-07-06T11:04:37Z" duration-ms="33067">
    <groups>
    </groups>
    <test started-at="2019-07-06T11:04:04Z" name="Default test" finished-at="2019-07-06T11:04:37Z" duration-ms="33067">
      <class name="firsttestngpackage.FirstTestNGFile">
        <test-method signature="verifyHomepageTitle()[pri:0, instance:firsttestngpackage.FirstTestNGFile@20d3d15a]" started-at="2019-07-06T11:04:04Z" name="verifyHomepageTitle" finished-at="2019-07-06T11:04:37Z" duration-ms="33021" status="PASS">
          <reporter-output>
          </reporter-output>
        </test-method> <!-- verifyHomepageTitle -->
      </class> <!-- firsttestngpackage.FirstTestNGFile -->
    </test> <!-- Default test -->
  </suite> <!-- Default suite -->
</testng-results>
